<?xml version="1.0"?>
<!DOCTYPE coverage SYSTEM "http://cobertura.sourceforge.net/xml/coverage-04.dtd">

<coverage line-rate="1.0" branch-rate="0.5" lines-covered="7" lines-valid="7" branches-covered="1" branches-valid="2" complexity="1.6666666666666667" version="2.1.1" timestamp="1730000468200">
	<sources>
		<source>/opt/hns/harness-plugins/corbertura/drone-coverage-report/test/tmp_workspace/cobertura-sample/src/main/java</source>
		<source>--source</source>
	</sources>
	<packages>
		<package name="com.example.package1" line-rate="1.0" branch-rate="1.0" complexity="1.0">
			<classes>
				<class name="com.example.package1.Calculator" filename="com/example/package1/Calculator.java" line-rate="1.0" branch-rate="1.0" complexity="1.0">
					<methods>
						<method name="&lt;init&gt;" signature="()V" line-rate="1.0" branch-rate="1.0" complexity="0">
							<lines>
								<line number="3" hits="1" branch="false"/>
							</lines>
						</method>
						<method name="add" signature="(II)I" line-rate="1.0" branch-rate="1.0" complexity="0">
							<lines>
								<line number="5" hits="1" branch="false"/>
							</lines>
						</method>
					</methods>
					<lines>
						<line number="3" hits="1" branch="false"/>
						<line number="5" hits="1" branch="false"/>
					</lines>
				</class>
			</classes>
		</package>
		<package name="com.example.package2" line-rate="1.0" branch-rate="1.0" complexity="1.0">
			<classes>
				<class name="com.example.package2.Multiplier" filename="com/example/package2/Multiplier.java" line-rate="1.0" branch-rate="1.0" complexity="1.0">
					<methods>
						<method name="&lt;init&gt;" signature="()V" line-rate="1.0" branch-rate="1.0" complexity="0">
							<lines>
								<line number="3" hits="1" branch="false"/>
							</lines>
						</method>
						<method name="multiply" signature="(II)I" line-rate="1.0" branch-rate="1.0" complexity="0">
							<lines>
								<line number="5" hits="1" branch="false"/>
							</lines>
						</method>
					</methods>
					<lines>
						<line number="3" hits="1" branch="false"/>
						<line number="5" hits="1" branch="false"/>
					</lines>
				</class>
			</classes>
		</package>
		<package name="com.example.package3" line-rate="1.0" branch-rate="0.5" complexity="3.0">
			<classes>
				<class name="com.example.package3.Divider" filename="com/example/package3/Divider.java" line-rate="1.0" branch-rate="0.5" complexity="3.0">
					<methods>
						<method name="&lt;init&gt;" signature="()V" line-rate="1.0" branch-rate="1.0" complexity="0">
							<lines>
								<line number="3" hits="1" branch="false"/>
							</lines>
						</method>
						<method name="divide" signature="(II)I" line-rate="1.0" branch-rate="0.5" complexity="0">
							<lines>
								<line number="5" hits="1" branch="true" condition-coverage="50% (1/2)">
									<conditions>
										<condition number="0" type="jump" coverage="50%"/>
									</conditions>
								</line>
								<line number="6" hits="1" branch="false"/>
							</lines>
						</method>
					</methods>
					<lines>
						<line number="3" hits="1" branch="false"/>
						<line number="5" hits="1" branch="true" condition-coverage="50% (1/2)">
							<conditions>
								<condition number="0" type="jump" coverage="50%"/>
							</conditions>
						</line>
						<line number="6" hits="1" branch="false"/>
					</lines>
				</class>
			</classes>
		</package>
	</packages>
</coverage>
