<?xml version="1.0"?>
<!DOCTYPE coverage SYSTEM "http://cobertura.sourceforge.net/xml/coverage-04.dtd">

<coverage line-rate="0.11764705882352941" branch-rate="0.0" lines-covered="2" lines-valid="17" branches-covered="0" branches-valid="8" complexity="2.1666666666666665" version="2.1.1" timestamp="1730055006343">
	<sources>
		<source>--source</source>
		<source>/opt/hns/harness-plugins/corbertura/drone-coverage-report/test/tmp_workspace/cobertura-sample/bad-metrics-project/src/main/java</source>
	</sources>
	<packages>
		<package name="com.example.package1" line-rate="0.3333333333333333" branch-rate="0.0" complexity="1.5">
			<classes>
				<class name="com.example.package1.Calculator" filename="com/example/package1/Calculator.java" line-rate="0.3333333333333333" branch-rate="0.0" complexity="1.5">
					<methods>
						<method name="&lt;init&gt;" signature="()V" line-rate="1.0" branch-rate="1.0" complexity="0">
							<lines>
								<line number="3" hits="1" branch="false"/>
							</lines>
						</method>
						<method name="add" signature="(II)I" line-rate="1.0" branch-rate="1.0" complexity="0">
							<lines>
								<line number="5" hits="1" branch="false"/>
							</lines>
						</method>
						<method name="divide" signature="(II)I" line-rate="0.0" branch-rate="0.0" complexity="0">
							<lines>
								<line number="17" hits="0" branch="true" condition-coverage="0% (0/2)">
									<conditions>
										<condition number="0" type="jump" coverage="0%"/>
									</conditions>
								</line>
								<line number="18" hits="0" branch="false"/>
							</lines>
						</method>
						<method name="multiply" signature="(II)I" line-rate="0.0" branch-rate="1.0" complexity="0">
							<lines>
								<line number="13" hits="0" branch="false"/>
							</lines>
						</method>
						<method name="subtract" signature="(II)I" line-rate="0.0" branch-rate="1.0" complexity="0">
							<lines>
								<line number="9" hits="0" branch="false"/>
							</lines>
						</method>
					</methods>
					<lines>
						<line number="3" hits="1" branch="false"/>
						<line number="5" hits="1" branch="false"/>
						<line number="9" hits="0" branch="false"/>
						<line number="13" hits="0" branch="false"/>
						<line number="17" hits="0" branch="true" condition-coverage="0% (0/2)">
							<conditions>
								<condition number="0" type="jump" coverage="0%"/>
							</conditions>
						</line>
						<line number="18" hits="0" branch="false"/>
					</lines>
				</class>
			</classes>
		</package>
		<package name="com.example.package2" line-rate="0.0" branch-rate="0.0" complexity="2.0">
			<classes>
				<class name="com.example.package2.Multiplier" filename="com/example/package2/Multiplier.java" line-rate="0.0" branch-rate="0.0" complexity="2.0">
					<methods>
						<method name="&lt;init&gt;" signature="()V" line-rate="0.0" branch-rate="1.0" complexity="0">
							<lines>
								<line number="3" hits="0" branch="false"/>
							</lines>
						</method>
						<method name="multiply" signature="(II)I" line-rate="0.0" branch-rate="0.0" complexity="0">
							<lines>
								<line number="5" hits="0" branch="false"/>
								<line number="6" hits="0" branch="true" condition-coverage="0% (0/2)">
									<conditions>
										<condition number="0" type="jump" coverage="0%"/>
									</conditions>
								</line>
								<line number="7" hits="0" branch="false"/>
								<line number="9" hits="0" branch="false"/>
							</lines>
						</method>
					</methods>
					<lines>
						<line number="3" hits="0" branch="false"/>
						<line number="5" hits="0" branch="false"/>
						<line number="6" hits="0" branch="true" condition-coverage="0% (0/2)">
							<conditions>
								<condition number="0" type="jump" coverage="0%"/>
							</conditions>
						</line>
						<line number="7" hits="0" branch="false"/>
						<line number="9" hits="0" branch="false"/>
					</lines>
				</class>
			</classes>
		</package>
		<package name="com.example.package3" line-rate="0.0" branch-rate="0.0" complexity="5.0">
			<classes>
				<class name="com.example.package3.Divider" filename="com/example/package3/Divider.java" line-rate="0.0" branch-rate="0.0" complexity="5.0">
					<methods>
						<method name="&lt;init&gt;" signature="()V" line-rate="0.0" branch-rate="1.0" complexity="0">
							<lines>
								<line number="3" hits="0" branch="false"/>
							</lines>
						</method>
						<method name="divide" signature="(II)I" line-rate="0.0" branch-rate="0.0" complexity="0">
							<lines>
								<line number="5" hits="0" branch="true" condition-coverage="0% (0/2)">
									<conditions>
										<condition number="0" type="jump" coverage="0%"/>
									</conditions>
								</line>
								<line number="6" hits="0" branch="false"/>
								<line number="7" hits="0" branch="true" condition-coverage="0% (0/2)">
									<conditions>
										<condition number="0" type="jump" coverage="0%"/>
									</conditions>
								</line>
								<line number="8" hits="0" branch="false"/>
								<line number="10" hits="0" branch="false"/>
							</lines>
						</method>
					</methods>
					<lines>
						<line number="3" hits="0" branch="false"/>
						<line number="5" hits="0" branch="true" condition-coverage="0% (0/2)">
							<conditions>
								<condition number="0" type="jump" coverage="0%"/>
							</conditions>
						</line>
						<line number="6" hits="0" branch="false"/>
						<line number="7" hits="0" branch="true" condition-coverage="0% (0/2)">
							<conditions>
								<condition number="0" type="jump" coverage="0%"/>
							</conditions>
						</line>
						<line number="8" hits="0" branch="false"/>
						<line number="10" hits="0" branch="false"/>
					</lines>
				</class>
			</classes>
		</package>
	</packages>
</coverage>
